\BOOKMARK [0][-]{chapter.1}{\376\377\0001\000\040\000T\000o\000p\000i\000c\000\040\000I\000n\000d\000e\000x}{}% 1
\BOOKMARK [1][-]{section.1.1}{\376\377\0001\000.\0001\000\040\000T\000o\000p\000i\000c\000s}{chapter.1}% 2
\BOOKMARK [0][-]{chapter.2}{\376\377\0002\000\040\000F\000i\000l\000e\000\040\000I\000n\000d\000e\000x}{}% 3
\BOOKMARK [1][-]{section.2.1}{\376\377\0002\000.\0001\000\040\000F\000i\000l\000e\000\040\000L\000i\000s\000t}{chapter.2}% 4
\BOOKMARK [0][-]{chapter.3}{\376\377\0003\000\040\000T\000o\000p\000i\000c\000\040\000D\000o\000c\000u\000m\000e\000n\000t\000a\000t\000i\000o\000n}{}% 5
\BOOKMARK [1][-]{section.3.1}{\376\377\0003\000.\0001\000\040\000C\000M\000S\000I\000S}{chapter.3}% 6
\BOOKMARK [2][-]{subsection.3.1.1}{\376\377\0003\000.\0001\000.\0001\000\040\000D\000e\000t\000a\000i\000l\000e\000d\000\040\000D\000e\000s\000c\000r\000i\000p\000t\000i\000o\000n}{section.3.1}% 7
\BOOKMARK [2][-]{subsection.3.1.2}{\376\377\0003\000.\0001\000.\0002\000\040\000S\000t\000m\0003\0002\000f\0004\000x\000x\000\137\000s\000y\000s\000t\000e\000m}{section.3.1}% 8
\BOOKMARK [3][-]{subsubsection.3.1.2.1}{\376\377\0003\000.\0001\000.\0002\000.\0001\000\040\000D\000e\000t\000a\000i\000l\000e\000d\000\040\000D\000e\000s\000c\000r\000i\000p\000t\000i\000o\000n}{subsection.3.1.2}% 9
\BOOKMARK [3][-]{subsubsection.3.1.2.2}{\376\377\0003\000.\0001\000.\0002\000.\0002\000\040\000S\000T\000M\0003\0002\000F\0004\000x\000x\000\137\000S\000y\000s\000t\000e\000m\000\137\000P\000r\000i\000v\000a\000t\000e\000\137\000I\000n\000c\000l\000u\000d\000e\000s}{subsection.3.1.2}% 10
\BOOKMARK [3][-]{subsubsection.3.1.2.3}{\376\377\0003\000.\0001\000.\0002\000.\0003\000\040\000S\000T\000M\0003\0002\000F\0004\000x\000x\000\137\000S\000y\000s\000t\000e\000m\000\137\000P\000r\000i\000v\000a\000t\000e\000\137\000T\000y\000p\000e\000s\000D\000e\000f\000i\000n\000i\000t\000i\000o\000n\000s}{subsection.3.1.2}% 11
\BOOKMARK [3][-]{subsubsection.3.1.2.4}{\376\377\0003\000.\0001\000.\0002\000.\0004\000\040\000S\000T\000M\0003\0002\000F\0004\000x\000x\000\137\000S\000y\000s\000t\000e\000m\000\137\000P\000r\000i\000v\000a\000t\000e\000\137\000D\000e\000f\000i\000n\000e\000s}{subsection.3.1.2}% 12
\BOOKMARK [3][-]{subsubsection.3.1.2.5}{\376\377\0003\000.\0001\000.\0002\000.\0005\000\040\000S\000T\000M\0003\0002\000F\0004\000x\000x\000\137\000S\000y\000s\000t\000e\000m\000\137\000P\000r\000i\000v\000a\000t\000e\000\137\000M\000a\000c\000r\000o\000s}{subsection.3.1.2}% 13
\BOOKMARK [3][-]{subsubsection.3.1.2.6}{\376\377\0003\000.\0001\000.\0002\000.\0006\000\040\000S\000T\000M\0003\0002\000F\0004\000x\000x\000\137\000S\000y\000s\000t\000e\000m\000\137\000P\000r\000i\000v\000a\000t\000e\000\137\000V\000a\000r\000i\000a\000b\000l\000e\000s}{subsection.3.1.2}% 14
\BOOKMARK [3][-]{subsubsection.3.1.2.7}{\376\377\0003\000.\0001\000.\0002\000.\0007\000\040\000S\000T\000M\0003\0002\000F\0004\000x\000x\000\137\000S\000y\000s\000t\000e\000m\000\137\000P\000r\000i\000v\000a\000t\000e\000\137\000F\000u\000n\000c\000t\000i\000o\000n\000P\000r\000o\000t\000o\000t\000y\000p\000e\000s}{subsection.3.1.2}% 15
\BOOKMARK [3][-]{subsubsection.3.1.2.8}{\376\377\0003\000.\0001\000.\0002\000.\0008\000\040\000S\000T\000M\0003\0002\000F\0004\000x\000x\000\137\000S\000y\000s\000t\000e\000m\000\137\000P\000r\000i\000v\000a\000t\000e\000\137\000F\000u\000n\000c\000t\000i\000o\000n\000s}{subsection.3.1.2}% 16
\BOOKMARK [0][-]{chapter.4}{\376\377\0004\000\040\000F\000i\000l\000e\000\040\000D\000o\000c\000u\000m\000e\000n\000t\000a\000t\000i\000o\000n}{}% 17
\BOOKMARK [1][-]{section.4.1}{\376\377\0004\000.\0001\000\040\000C\000:\000/\000U\000s\000e\000r\000s\000/\000a\000a\000r\000o\000n\000/\000m\000a\000i\000n\000/\000p\000r\000o\000j\000e\000c\000t\000s\000/\000c\000l\000i\000\137\000f\000r\000e\000e\000R\000T\000O\000S\000/\000w\000o\000r\000k\000s\000p\000a\000c\000e\000/\000c\000l\000i\000F\000r\000e\000e\000R\000T\000O\000S\000/\000C\000o\000r\000e\000/\000b\000s\000p\000/\000i\000n\000c\000/\000b\000s\000p\000.\000h\000\040\000F\000i\000l\000e\000\040\000R\000e\000f\000e\000r\000e\000n\000c\000e}{chapter.4}% 18
\BOOKMARK [2][-]{subsection.4.1.1}{\376\377\0004\000.\0001\000.\0001\000\040\000D\000e\000t\000a\000i\000l\000e\000d\000\040\000D\000e\000s\000c\000r\000i\000p\000t\000i\000o\000n}{section.4.1}% 19
\BOOKMARK [2][-]{subsection.4.1.2}{\376\377\0004\000.\0001\000.\0002\000\040\000F\000u\000n\000c\000t\000i\000o\000n\000\040\000D\000o\000c\000u\000m\000e\000n\000t\000a\000t\000i\000o\000n}{section.4.1}% 20
\BOOKMARK [3][-]{subsubsection.4.1.2.1}{\376\377\0004\000.\0001\000.\0002\000.\0001\000\040\000b\000s\000p\000I\000n\000i\000t\000\050\000\051}{subsection.4.1.2}% 21
\BOOKMARK [1][-]{section.4.2}{\376\377\0004\000.\0002\000\040\000b\000s\000p\000.\000h}{chapter.4}% 22
\BOOKMARK [1][-]{section.4.3}{\376\377\0004\000.\0003\000\040\000C\000:\000/\000U\000s\000e\000r\000s\000/\000a\000a\000r\000o\000n\000/\000m\000a\000i\000n\000/\000p\000r\000o\000j\000e\000c\000t\000s\000/\000c\000l\000i\000\137\000f\000r\000e\000e\000R\000T\000O\000S\000/\000w\000o\000r\000k\000s\000p\000a\000c\000e\000/\000c\000l\000i\000F\000r\000e\000e\000R\000T\000O\000S\000/\000C\000o\000r\000e\000/\000b\000s\000p\000/\000i\000n\000c\000/\000b\000s\000p\000C\000l\000k\000.\000h\000\040\000F\000i\000l\000e\000\040\000R\000e\000f\000e\000r\000e\000n\000c\000e}{chapter.4}% 23
\BOOKMARK [2][-]{subsection.4.3.1}{\376\377\0004\000.\0003\000.\0001\000\040\000D\000e\000t\000a\000i\000l\000e\000d\000\040\000D\000e\000s\000c\000r\000i\000p\000t\000i\000o\000n}{section.4.3}% 24
\BOOKMARK [2][-]{subsection.4.3.2}{\376\377\0004\000.\0003\000.\0002\000\040\000F\000u\000n\000c\000t\000i\000o\000n\000\040\000D\000o\000c\000u\000m\000e\000n\000t\000a\000t\000i\000o\000n}{section.4.3}% 25
\BOOKMARK [3][-]{subsubsection.4.3.2.1}{\376\377\0004\000.\0003\000.\0002\000.\0001\000\040\000b\000s\000p\000G\000e\000t\000C\000l\000o\000c\000k\000I\000i\000n\000f\000o\000\050\000\051}{subsection.4.3.2}% 26
\BOOKMARK [1][-]{section.4.4}{\376\377\0004\000.\0004\000\040\000b\000s\000p\000C\000l\000k\000.\000h}{chapter.4}% 27
\BOOKMARK [1][-]{section.4.5}{\376\377\0004\000.\0005\000\040\000C\000:\000/\000U\000s\000e\000r\000s\000/\000a\000a\000r\000o\000n\000/\000m\000a\000i\000n\000/\000p\000r\000o\000j\000e\000c\000t\000s\000/\000c\000l\000i\000\137\000f\000r\000e\000e\000R\000T\000O\000S\000/\000w\000o\000r\000k\000s\000p\000a\000c\000e\000/\000c\000l\000i\000F\000r\000e\000e\000R\000T\000O\000S\000/\000C\000o\000r\000e\000/\000b\000s\000p\000/\000i\000n\000c\000/\000b\000s\000p\000G\000p\000i\000o\000.\000h\000\040\000F\000i\000l\000e\000\040\000R\000e\000f\000e\000r\000e\000n\000c\000e}{chapter.4}% 28
\BOOKMARK [2][-]{subsection.4.5.1}{\376\377\0004\000.\0005\000.\0001\000\040\000D\000e\000t\000a\000i\000l\000e\000d\000\040\000D\000e\000s\000c\000r\000i\000p\000t\000i\000o\000n}{section.4.5}% 29
\BOOKMARK [2][-]{subsection.4.5.2}{\376\377\0004\000.\0005\000.\0002\000\040\000F\000u\000n\000c\000t\000i\000o\000n\000\040\000D\000o\000c\000u\000m\000e\000n\000t\000a\000t\000i\000o\000n}{section.4.5}% 30
\BOOKMARK [3][-]{subsubsection.4.5.2.1}{\376\377\0004\000.\0005\000.\0002\000.\0001\000\040\000b\000s\000p\000G\000p\000i\000o\000M\000a\000p\000I\000n\000s\000t\000a\000n\000c\000e\000\050\000\051}{subsection.4.5.2}% 31
\BOOKMARK [3][-]{subsubsection.4.5.2.2}{\376\377\0004\000.\0005\000.\0002\000.\0002\000\040\000b\000s\000p\000G\000p\000i\000o\000R\000e\000a\000d\000\050\000\051}{subsection.4.5.2}% 32
\BOOKMARK [3][-]{subsubsection.4.5.2.3}{\376\377\0004\000.\0005\000.\0002\000.\0003\000\040\000b\000s\000p\000G\000p\000i\000o\000T\000o\000g\000g\000l\000e\000\050\000\051}{subsection.4.5.2}% 33
\BOOKMARK [3][-]{subsubsection.4.5.2.4}{\376\377\0004\000.\0005\000.\0002\000.\0004\000\040\000b\000s\000p\000G\000p\000i\000o\000W\000r\000i\000t\000e\000\050\000\051}{subsection.4.5.2}% 34
\BOOKMARK [1][-]{section.4.6}{\376\377\0004\000.\0006\000\040\000b\000s\000p\000G\000p\000i\000o\000.\000h}{chapter.4}% 35
\BOOKMARK [1][-]{section.4.7}{\376\377\0004\000.\0007\000\040\000C\000:\000/\000U\000s\000e\000r\000s\000/\000a\000a\000r\000o\000n\000/\000m\000a\000i\000n\000/\000p\000r\000o\000j\000e\000c\000t\000s\000/\000c\000l\000i\000\137\000f\000r\000e\000e\000R\000T\000O\000S\000/\000w\000o\000r\000k\000s\000p\000a\000c\000e\000/\000c\000l\000i\000F\000r\000e\000e\000R\000T\000O\000S\000/\000C\000o\000r\000e\000/\000b\000s\000p\000/\000i\000n\000c\000/\000b\000s\000p\000P\000w\000m\000.\000h\000\040\000F\000i\000l\000e\000\040\000R\000e\000f\000e\000r\000e\000n\000c\000e}{chapter.4}% 36
\BOOKMARK [2][-]{subsection.4.7.1}{\376\377\0004\000.\0007\000.\0001\000\040\000D\000e\000t\000a\000i\000l\000e\000d\000\040\000D\000e\000s\000c\000r\000i\000p\000t\000i\000o\000n}{section.4.7}% 37
\BOOKMARK [2][-]{subsection.4.7.2}{\376\377\0004\000.\0007\000.\0002\000\040\000F\000u\000n\000c\000t\000i\000o\000n\000\040\000D\000o\000c\000u\000m\000e\000n\000t\000a\000t\000i\000o\000n}{section.4.7}% 38
\BOOKMARK [3][-]{subsubsection.4.7.2.1}{\376\377\0004\000.\0007\000.\0002\000.\0001\000\040\000b\000s\000p\000P\000w\000m\000G\000e\000t\000H\000a\000n\000d\000l\000e\000r\000\050\000\051}{subsection.4.7.2}% 39
\BOOKMARK [3][-]{subsubsection.4.7.2.2}{\376\377\0004\000.\0007\000.\0002\000.\0002\000\040\000b\000s\000p\000P\000w\000m\000I\000n\000i\000t\000\050\000\051}{subsection.4.7.2}% 40
\BOOKMARK [3][-]{subsubsection.4.7.2.3}{\376\377\0004\000.\0007\000.\0002\000.\0003\000\040\000b\000s\000p\000P\000w\000m\000S\000e\000t\000D\000u\000t\000y\000\050\000\051}{subsection.4.7.2}% 41
\BOOKMARK [3][-]{subsubsection.4.7.2.4}{\376\377\0004\000.\0007\000.\0002\000.\0004\000\040\000b\000s\000p\000P\000w\000m\000S\000e\000t\000F\000r\000e\000q\000\050\000\051}{subsection.4.7.2}% 42
\BOOKMARK [3][-]{subsubsection.4.7.2.5}{\376\377\0004\000.\0007\000.\0002\000.\0005\000\040\000b\000s\000p\000P\000w\000m\000S\000t\000a\000r\000t\000\050\000\051}{subsection.4.7.2}% 43
\BOOKMARK [1][-]{section.4.8}{\376\377\0004\000.\0008\000\040\000b\000s\000p\000P\000w\000m\000.\000h}{chapter.4}% 44
\BOOKMARK [1][-]{section.4.9}{\376\377\0004\000.\0009\000\040\000C\000:\000/\000U\000s\000e\000r\000s\000/\000a\000a\000r\000o\000n\000/\000m\000a\000i\000n\000/\000p\000r\000o\000j\000e\000c\000t\000s\000/\000c\000l\000i\000\137\000f\000r\000e\000e\000R\000T\000O\000S\000/\000w\000o\000r\000k\000s\000p\000a\000c\000e\000/\000c\000l\000i\000F\000r\000e\000e\000R\000T\000O\000S\000/\000C\000o\000r\000e\000/\000b\000s\000p\000/\000i\000n\000c\000/\000b\000s\000p\000R\000t\000c\000.\000h\000\040\000F\000i\000l\000e\000\040\000R\000e\000f\000e\000r\000e\000n\000c\000e}{chapter.4}% 45
\BOOKMARK [2][-]{subsection.4.9.1}{\376\377\0004\000.\0009\000.\0001\000\040\000D\000e\000t\000a\000i\000l\000e\000d\000\040\000D\000e\000s\000c\000r\000i\000p\000t\000i\000o\000n}{section.4.9}% 46
\BOOKMARK [2][-]{subsection.4.9.2}{\376\377\0004\000.\0009\000.\0002\000\040\000F\000u\000n\000c\000t\000i\000o\000n\000\040\000D\000o\000c\000u\000m\000e\000n\000t\000a\000t\000i\000o\000n}{section.4.9}% 47
\BOOKMARK [3][-]{subsubsection.4.9.2.1}{\376\377\0004\000.\0009\000.\0002\000.\0001\000\040\000b\000s\000p\000R\000t\000c\000G\000e\000t\000T\000i\000m\000e\000\050\000\051}{subsection.4.9.2}% 48
\BOOKMARK [3][-]{subsubsection.4.9.2.2}{\376\377\0004\000.\0009\000.\0002\000.\0002\000\040\000b\000s\000p\000R\000t\000c\000I\000n\000i\000t\000\050\000\051}{subsection.4.9.2}% 49
\BOOKMARK [3][-]{subsubsection.4.9.2.3}{\376\377\0004\000.\0009\000.\0002\000.\0003\000\040\000b\000s\000p\000R\000t\000c\000S\000e\000t\000T\000i\000m\000e\000\050\000\051}{subsection.4.9.2}% 50
\BOOKMARK [1][-]{section.4.10}{\376\377\0004\000.\0001\0000\000\040\000b\000s\000p\000R\000t\000c\000.\000h}{chapter.4}% 51
\BOOKMARK [1][-]{section.4.11}{\376\377\0004\000.\0001\0001\000\040\000C\000:\000/\000U\000s\000e\000r\000s\000/\000a\000a\000r\000o\000n\000/\000m\000a\000i\000n\000/\000p\000r\000o\000j\000e\000c\000t\000s\000/\000c\000l\000i\000\137\000f\000r\000e\000e\000R\000T\000O\000S\000/\000w\000o\000r\000k\000s\000p\000a\000c\000e\000/\000c\000l\000i\000F\000r\000e\000e\000R\000T\000O\000S\000/\000C\000o\000r\000e\000/\000b\000s\000p\000/\000i\000n\000c\000/\000b\000s\000p\000T\000y\000p\000e\000D\000e\000f\000.\000h\000\040\000F\000i\000l\000e\000\040\000R\000e\000f\000e\000r\000e\000n\000c\000e}{chapter.4}% 52
\BOOKMARK [2][-]{subsection.4.11.1}{\376\377\0004\000.\0001\0001\000.\0001\000\040\000D\000e\000t\000a\000i\000l\000e\000d\000\040\000D\000e\000s\000c\000r\000i\000p\000t\000i\000o\000n}{section.4.11}% 53
\BOOKMARK [1][-]{section.4.12}{\376\377\0004\000.\0001\0002\000\040\000b\000s\000p\000T\000y\000p\000e\000D\000e\000f\000.\000h}{chapter.4}% 54
\BOOKMARK [1][-]{section.4.13}{\376\377\0004\000.\0001\0003\000\040\000C\000:\000/\000U\000s\000e\000r\000s\000/\000a\000a\000r\000o\000n\000/\000m\000a\000i\000n\000/\000p\000r\000o\000j\000e\000c\000t\000s\000/\000c\000l\000i\000\137\000f\000r\000e\000e\000R\000T\000O\000S\000/\000w\000o\000r\000k\000s\000p\000a\000c\000e\000/\000c\000l\000i\000F\000r\000e\000e\000R\000T\000O\000S\000/\000C\000o\000r\000e\000/\000b\000s\000p\000/\000s\000r\000c\000/\000b\000s\000p\000.\000c\000\040\000F\000i\000l\000e\000\040\000R\000e\000f\000e\000r\000e\000n\000c\000e}{chapter.4}% 55
\BOOKMARK [2][-]{subsection.4.13.1}{\376\377\0004\000.\0001\0003\000.\0001\000\040\000D\000e\000t\000a\000i\000l\000e\000d\000\040\000D\000e\000s\000c\000r\000i\000p\000t\000i\000o\000n}{section.4.13}% 56
\BOOKMARK [2][-]{subsection.4.13.2}{\376\377\0004\000.\0001\0003\000.\0002\000\040\000F\000u\000n\000c\000t\000i\000o\000n\000\040\000D\000o\000c\000u\000m\000e\000n\000t\000a\000t\000i\000o\000n}{section.4.13}% 57
\BOOKMARK [3][-]{subsubsection.4.13.2.1}{\376\377\0004\000.\0001\0003\000.\0002\000.\0001\000\040\000b\000s\000p\000C\000o\000n\000f\000i\000g\000u\000r\000e\000T\000i\000m\000F\000o\000r\000R\000u\000n\000T\000i\000m\000e\000S\000t\000a\000t\000s\000\050\000\051}{subsection.4.13.2}% 58
\BOOKMARK [3][-]{subsubsection.4.13.2.2}{\376\377\0004\000.\0001\0003\000.\0002\000.\0002\000\040\000b\000s\000p\000C\000o\000n\000s\000o\000l\000e\000I\000n\000i\000t\000\050\000\051}{subsection.4.13.2}% 59
\BOOKMARK [3][-]{subsubsection.4.13.2.3}{\376\377\0004\000.\0001\0003\000.\0002\000.\0003\000\040\000b\000s\000p\000G\000e\000t\000T\000i\000m\000S\000t\000a\000t\000s\000C\000o\000u\000n\000t\000\050\000\051}{subsection.4.13.2}% 60
\BOOKMARK [3][-]{subsubsection.4.13.2.4}{\376\377\0004\000.\0001\0003\000.\0002\000.\0004\000\040\000b\000s\000p\000I\000n\000i\000t\000\050\000\051}{subsection.4.13.2}% 61
\BOOKMARK [1][-]{section.4.14}{\376\377\0004\000.\0001\0004\000\040\000C\000:\000/\000U\000s\000e\000r\000s\000/\000a\000a\000r\000o\000n\000/\000m\000a\000i\000n\000/\000p\000r\000o\000j\000e\000c\000t\000s\000/\000c\000l\000i\000\137\000f\000r\000e\000e\000R\000T\000O\000S\000/\000w\000o\000r\000k\000s\000p\000a\000c\000e\000/\000c\000l\000i\000F\000r\000e\000e\000R\000T\000O\000S\000/\000C\000o\000r\000e\000/\000b\000s\000p\000/\000s\000r\000c\000/\000b\000s\000p\000C\000l\000k\000.\000c\000\040\000F\000i\000l\000e\000\040\000R\000e\000f\000e\000r\000e\000n\000c\000e}{chapter.4}% 62
\BOOKMARK [2][-]{subsection.4.14.1}{\376\377\0004\000.\0001\0004\000.\0001\000\040\000D\000e\000t\000a\000i\000l\000e\000d\000\040\000D\000e\000s\000c\000r\000i\000p\000t\000i\000o\000n}{section.4.14}% 63
\BOOKMARK [2][-]{subsection.4.14.2}{\376\377\0004\000.\0001\0004\000.\0002\000\040\000F\000u\000n\000c\000t\000i\000o\000n\000\040\000D\000o\000c\000u\000m\000e\000n\000t\000a\000t\000i\000o\000n}{section.4.14}% 64
\BOOKMARK [3][-]{subsubsection.4.14.2.1}{\376\377\0004\000.\0001\0004\000.\0002\000.\0001\000\040\000b\000s\000p\000G\000e\000t\000C\000l\000o\000c\000k\000I\000i\000n\000f\000o\000\050\000\051}{subsection.4.14.2}% 65
\BOOKMARK [1][-]{section.4.15}{\376\377\0004\000.\0001\0005\000\040\000C\000:\000/\000U\000s\000e\000r\000s\000/\000a\000a\000r\000o\000n\000/\000m\000a\000i\000n\000/\000p\000r\000o\000j\000e\000c\000t\000s\000/\000c\000l\000i\000\137\000f\000r\000e\000e\000R\000T\000O\000S\000/\000w\000o\000r\000k\000s\000p\000a\000c\000e\000/\000c\000l\000i\000F\000r\000e\000e\000R\000T\000O\000S\000/\000C\000o\000r\000e\000/\000b\000s\000p\000/\000s\000r\000c\000/\000b\000s\000p\000G\000p\000i\000o\000.\000c\000\040\000F\000i\000l\000e\000\040\000R\000e\000f\000e\000r\000e\000n\000c\000e}{chapter.4}% 66
\BOOKMARK [2][-]{subsection.4.15.1}{\376\377\0004\000.\0001\0005\000.\0001\000\040\000D\000e\000t\000a\000i\000l\000e\000d\000\040\000D\000e\000s\000c\000r\000i\000p\000t\000i\000o\000n}{section.4.15}% 67
\BOOKMARK [2][-]{subsection.4.15.2}{\376\377\0004\000.\0001\0005\000.\0002\000\040\000F\000u\000n\000c\000t\000i\000o\000n\000\040\000D\000o\000c\000u\000m\000e\000n\000t\000a\000t\000i\000o\000n}{section.4.15}% 68
\BOOKMARK [3][-]{subsubsection.4.15.2.1}{\376\377\0004\000.\0001\0005\000.\0002\000.\0001\000\040\000b\000s\000p\000G\000p\000i\000o\000M\000a\000p\000I\000n\000s\000t\000a\000n\000c\000e\000\050\000\051}{subsection.4.15.2}% 69
\BOOKMARK [3][-]{subsubsection.4.15.2.2}{\376\377\0004\000.\0001\0005\000.\0002\000.\0002\000\040\000b\000s\000p\000G\000p\000i\000o\000R\000e\000a\000d\000\050\000\051}{subsection.4.15.2}% 70
\BOOKMARK [3][-]{subsubsection.4.15.2.3}{\376\377\0004\000.\0001\0005\000.\0002\000.\0003\000\040\000b\000s\000p\000G\000p\000i\000o\000T\000o\000g\000g\000l\000e\000\050\000\051}{subsection.4.15.2}% 71
\BOOKMARK [3][-]{subsubsection.4.15.2.4}{\376\377\0004\000.\0001\0005\000.\0002\000.\0004\000\040\000b\000s\000p\000G\000p\000i\000o\000W\000r\000i\000t\000e\000\050\000\051}{subsection.4.15.2}% 72
\BOOKMARK [1][-]{section.4.16}{\376\377\0004\000.\0001\0006\000\040\000C\000:\000/\000U\000s\000e\000r\000s\000/\000a\000a\000r\000o\000n\000/\000m\000a\000i\000n\000/\000p\000r\000o\000j\000e\000c\000t\000s\000/\000c\000l\000i\000\137\000f\000r\000e\000e\000R\000T\000O\000S\000/\000w\000o\000r\000k\000s\000p\000a\000c\000e\000/\000c\000l\000i\000F\000r\000e\000e\000R\000T\000O\000S\000/\000C\000o\000r\000e\000/\000b\000s\000p\000/\000s\000r\000c\000/\000b\000s\000p\000P\000w\000m\000.\000c\000\040\000F\000i\000l\000e\000\040\000R\000e\000f\000e\000r\000e\000n\000c\000e}{chapter.4}% 73
\BOOKMARK [2][-]{subsection.4.16.1}{\376\377\0004\000.\0001\0006\000.\0001\000\040\000D\000e\000t\000a\000i\000l\000e\000d\000\040\000D\000e\000s\000c\000r\000i\000p\000t\000i\000o\000n}{section.4.16}% 74
\BOOKMARK [2][-]{subsection.4.16.2}{\376\377\0004\000.\0001\0006\000.\0002\000\040\000F\000u\000n\000c\000t\000i\000o\000n\000\040\000D\000o\000c\000u\000m\000e\000n\000t\000a\000t\000i\000o\000n}{section.4.16}% 75
\BOOKMARK [3][-]{subsubsection.4.16.2.1}{\376\377\0004\000.\0001\0006\000.\0002\000.\0001\000\040\000b\000s\000p\000P\000w\000m\000G\000e\000t\000H\000a\000n\000d\000l\000e\000r\000\050\000\051}{subsection.4.16.2}% 76
\BOOKMARK [3][-]{subsubsection.4.16.2.2}{\376\377\0004\000.\0001\0006\000.\0002\000.\0002\000\040\000b\000s\000p\000P\000w\000m\000I\000n\000i\000t\000\050\000\051}{subsection.4.16.2}% 77
\BOOKMARK [3][-]{subsubsection.4.16.2.3}{\376\377\0004\000.\0001\0006\000.\0002\000.\0003\000\040\000b\000s\000p\000P\000w\000m\000S\000e\000t\000D\000u\000t\000y\000\050\000\051}{subsection.4.16.2}% 78
\BOOKMARK [3][-]{subsubsection.4.16.2.4}{\376\377\0004\000.\0001\0006\000.\0002\000.\0004\000\040\000b\000s\000p\000P\000w\000m\000S\000e\000t\000F\000r\000e\000q\000\050\000\051}{subsection.4.16.2}% 79
\BOOKMARK [3][-]{subsubsection.4.16.2.5}{\376\377\0004\000.\0001\0006\000.\0002\000.\0005\000\040\000b\000s\000p\000P\000w\000m\000S\000t\000a\000r\000t\000\050\000\051}{subsection.4.16.2}% 80
\BOOKMARK [1][-]{section.4.17}{\376\377\0004\000.\0001\0007\000\040\000C\000:\000/\000U\000s\000e\000r\000s\000/\000a\000a\000r\000o\000n\000/\000m\000a\000i\000n\000/\000p\000r\000o\000j\000e\000c\000t\000s\000/\000c\000l\000i\000\137\000f\000r\000e\000e\000R\000T\000O\000S\000/\000w\000o\000r\000k\000s\000p\000a\000c\000e\000/\000c\000l\000i\000F\000r\000e\000e\000R\000T\000O\000S\000/\000C\000o\000r\000e\000/\000I\000n\000c\000/\000a\000p\000p\000C\000o\000n\000f\000i\000g\000.\000h\000\040\000F\000i\000l\000e\000\040\000R\000e\000f\000e\000r\000e\000n\000c\000e}{chapter.4}% 81
\BOOKMARK [2][-]{subsection.4.17.1}{\376\377\0004\000.\0001\0007\000.\0001\000\040\000D\000e\000t\000a\000i\000l\000e\000d\000\040\000D\000e\000s\000c\000r\000i\000p\000t\000i\000o\000n}{section.4.17}% 82
\BOOKMARK [1][-]{section.4.18}{\376\377\0004\000.\0001\0008\000\040\000a\000p\000p\000C\000o\000n\000f\000i\000g\000.\000h}{chapter.4}% 83
\BOOKMARK [1][-]{section.4.19}{\376\377\0004\000.\0001\0009\000\040\000C\000:\000/\000U\000s\000e\000r\000s\000/\000a\000a\000r\000o\000n\000/\000m\000a\000i\000n\000/\000p\000r\000o\000j\000e\000c\000t\000s\000/\000c\000l\000i\000\137\000f\000r\000e\000e\000R\000T\000O\000S\000/\000w\000o\000r\000k\000s\000p\000a\000c\000e\000/\000c\000l\000i\000F\000r\000e\000e\000R\000T\000O\000S\000/\000C\000o\000r\000e\000/\000I\000n\000c\000/\000c\000o\000n\000s\000o\000l\000e\000.\000h\000\040\000F\000i\000l\000e\000\040\000R\000e\000f\000e\000r\000e\000n\000c\000e}{chapter.4}% 84
\BOOKMARK [2][-]{subsection.4.19.1}{\376\377\0004\000.\0001\0009\000.\0001\000\040\000D\000e\000t\000a\000i\000l\000e\000d\000\040\000D\000e\000s\000c\000r\000i\000p\000t\000i\000o\000n}{section.4.19}% 85
\BOOKMARK [2][-]{subsection.4.19.2}{\376\377\0004\000.\0001\0009\000.\0002\000\040\000F\000u\000n\000c\000t\000i\000o\000n\000\040\000D\000o\000c\000u\000m\000e\000n\000t\000a\000t\000i\000o\000n}{section.4.19}% 86
\BOOKMARK [3][-]{subsubsection.4.19.2.1}{\376\377\0004\000.\0001\0009\000.\0002\000.\0001\000\040\000x\000b\000s\000p\000C\000o\000n\000s\000o\000l\000e\000I\000n\000i\000t\000\050\000\051}{subsection.4.19.2}% 87
\BOOKMARK [1][-]{section.4.20}{\376\377\0004\000.\0002\0000\000\040\000c\000o\000n\000s\000o\000l\000e\000.\000h}{chapter.4}% 88
\BOOKMARK [1][-]{section.4.21}{\376\377\0004\000.\0002\0001\000\040\000F\000r\000e\000e\000R\000T\000O\000S\000C\000o\000n\000f\000i\000g\000.\000h}{chapter.4}% 89
\BOOKMARK [1][-]{section.4.22}{\376\377\0004\000.\0002\0002\000\040\000C\000:\000/\000U\000s\000e\000r\000s\000/\000a\000a\000r\000o\000n\000/\000m\000a\000i\000n\000/\000p\000r\000o\000j\000e\000c\000t\000s\000/\000c\000l\000i\000\137\000f\000r\000e\000e\000R\000T\000O\000S\000/\000w\000o\000r\000k\000s\000p\000a\000c\000e\000/\000c\000l\000i\000F\000r\000e\000e\000R\000T\000O\000S\000/\000C\000o\000r\000e\000/\000I\000n\000c\000/\000m\000a\000i\000n\000.\000h\000\040\000F\000i\000l\000e\000\040\000R\000e\000f\000e\000r\000e\000n\000c\000e}{chapter.4}% 90
\BOOKMARK [2][-]{subsection.4.22.1}{\376\377\0004\000.\0002\0002\000.\0001\000\040\000D\000e\000t\000a\000i\000l\000e\000d\000\040\000D\000e\000s\000c\000r\000i\000p\000t\000i\000o\000n}{section.4.22}% 91
\BOOKMARK [2][-]{subsection.4.22.2}{\376\377\0004\000.\0002\0002\000.\0002\000\040\000F\000u\000n\000c\000t\000i\000o\000n\000\040\000D\000o\000c\000u\000m\000e\000n\000t\000a\000t\000i\000o\000n}{section.4.22}% 92
\BOOKMARK [3][-]{subsubsection.4.22.2.1}{\376\377\0004\000.\0002\0002\000.\0002\000.\0001\000\040\000E\000r\000r\000o\000r\000\137\000H\000a\000n\000d\000l\000e\000r\000\050\000\051}{subsection.4.22.2}% 93
\BOOKMARK [1][-]{section.4.23}{\376\377\0004\000.\0002\0003\000\040\000m\000a\000i\000n\000.\000h}{chapter.4}% 94
\BOOKMARK [1][-]{section.4.24}{\376\377\0004\000.\0002\0004\000\040\000s\000t\000m\0003\0002\000f\0004\000x\000x\000\137\000h\000a\000l\000\137\000c\000o\000n\000f\000.\000h}{chapter.4}% 95
\BOOKMARK [1][-]{section.4.25}{\376\377\0004\000.\0002\0005\000\040\000C\000:\000/\000U\000s\000e\000r\000s\000/\000a\000a\000r\000o\000n\000/\000m\000a\000i\000n\000/\000p\000r\000o\000j\000e\000c\000t\000s\000/\000c\000l\000i\000\137\000f\000r\000e\000e\000R\000T\000O\000S\000/\000w\000o\000r\000k\000s\000p\000a\000c\000e\000/\000c\000l\000i\000F\000r\000e\000e\000R\000T\000O\000S\000/\000C\000o\000r\000e\000/\000I\000n\000c\000/\000s\000t\000m\0003\0002\000f\0004\000x\000x\000\137\000i\000t\000.\000h\000\040\000F\000i\000l\000e\000\040\000R\000e\000f\000e\000r\000e\000n\000c\000e}{chapter.4}% 96
\BOOKMARK [2][-]{subsection.4.25.1}{\376\377\0004\000.\0002\0005\000.\0001\000\040\000D\000e\000t\000a\000i\000l\000e\000d\000\040\000D\000e\000s\000c\000r\000i\000p\000t\000i\000o\000n}{section.4.25}% 97
\BOOKMARK [1][-]{section.4.26}{\376\377\0004\000.\0002\0006\000\040\000s\000t\000m\0003\0002\000f\0004\000x\000x\000\137\000i\000t\000.\000h}{chapter.4}% 98
\BOOKMARK [1][-]{section.4.27}{\376\377\0004\000.\0002\0007\000\040\000C\000:\000/\000U\000s\000e\000r\000s\000/\000a\000a\000r\000o\000n\000/\000m\000a\000i\000n\000/\000p\000r\000o\000j\000e\000c\000t\000s\000/\000c\000l\000i\000\137\000f\000r\000e\000e\000R\000T\000O\000S\000/\000w\000o\000r\000k\000s\000p\000a\000c\000e\000/\000c\000l\000i\000F\000r\000e\000e\000R\000T\000O\000S\000/\000C\000o\000r\000e\000/\000S\000r\000c\000/\000c\000o\000n\000s\000o\000l\000e\000.\000c\000\040\000F\000i\000l\000e\000\040\000R\000e\000f\000e\000r\000e\000n\000c\000e}{chapter.4}% 99
\BOOKMARK [2][-]{subsection.4.27.1}{\376\377\0004\000.\0002\0007\000.\0001\000\040\000D\000e\000t\000a\000i\000l\000e\000d\000\040\000D\000e\000s\000c\000r\000i\000p\000t\000i\000o\000n}{section.4.27}% 100
\BOOKMARK [2][-]{subsection.4.27.2}{\376\377\0004\000.\0002\0007\000.\0002\000\040\000F\000u\000n\000c\000t\000i\000o\000n\000\040\000D\000o\000c\000u\000m\000e\000n\000t\000a\000t\000i\000o\000n}{section.4.27}% 101
\BOOKMARK [3][-]{subsubsection.4.27.2.1}{\376\377\0004\000.\0002\0007\000.\0002\000.\0001\000\040\000H\000A\000L\000\137\000U\000A\000R\000T\000\137\000R\000x\000C\000p\000l\000t\000C\000a\000l\000l\000b\000a\000c\000k\000\050\000\051}{subsection.4.27.2}% 102
\BOOKMARK [3][-]{subsubsection.4.27.2.2}{\376\377\0004\000.\0002\0007\000.\0002\000.\0002\000\040\000v\000C\000o\000n\000s\000o\000l\000e\000E\000n\000a\000b\000l\000e\000R\000x\000I\000n\000t\000e\000r\000r\000u\000p\000t\000\050\000\051}{subsection.4.27.2}% 103
\BOOKMARK [3][-]{subsubsection.4.27.2.3}{\376\377\0004\000.\0002\0007\000.\0002\000.\0003\000\040\000v\000T\000a\000s\000k\000C\000o\000n\000s\000o\000l\000e\000\050\000\051}{subsection.4.27.2}% 104
\BOOKMARK [3][-]{subsubsection.4.27.2.4}{\376\377\0004\000.\0002\0007\000.\0002\000.\0004\000\040\000x\000b\000s\000p\000C\000o\000n\000s\000o\000l\000e\000I\000n\000i\000t\000\050\000\051}{subsection.4.27.2}% 105
\BOOKMARK [1][-]{section.4.28}{\376\377\0004\000.\0002\0008\000\040\000C\000:\000/\000U\000s\000e\000r\000s\000/\000a\000a\000r\000o\000n\000/\000m\000a\000i\000n\000/\000p\000r\000o\000j\000e\000c\000t\000s\000/\000c\000l\000i\000\137\000f\000r\000e\000e\000R\000T\000O\000S\000/\000w\000o\000r\000k\000s\000p\000a\000c\000e\000/\000c\000l\000i\000F\000r\000e\000e\000R\000T\000O\000S\000/\000C\000o\000r\000e\000/\000S\000r\000c\000/\000m\000a\000i\000n\000.\000c\000\040\000F\000i\000l\000e\000\040\000R\000e\000f\000e\000r\000e\000n\000c\000e}{chapter.4}% 106
\BOOKMARK [2][-]{subsection.4.28.1}{\376\377\0004\000.\0002\0008\000.\0001\000\040\000D\000e\000t\000a\000i\000l\000e\000d\000\040\000D\000e\000s\000c\000r\000i\000p\000t\000i\000o\000n}{section.4.28}% 107
\BOOKMARK [2][-]{subsection.4.28.2}{\376\377\0004\000.\0002\0008\000.\0002\000\040\000F\000u\000n\000c\000t\000i\000o\000n\000\040\000D\000o\000c\000u\000m\000e\000n\000t\000a\000t\000i\000o\000n}{section.4.28}% 108
\BOOKMARK [3][-]{subsubsection.4.28.2.1}{\376\377\0004\000.\0002\0008\000.\0002\000.\0001\000\040\000E\000r\000r\000o\000r\000\137\000H\000a\000n\000d\000l\000e\000r\000\050\000\051}{subsection.4.28.2}% 109
\BOOKMARK [3][-]{subsubsection.4.28.2.2}{\376\377\0004\000.\0002\0008\000.\0002\000.\0002\000\040\000H\000A\000L\000\137\000T\000I\000M\000\137\000P\000e\000r\000i\000o\000d\000E\000l\000a\000p\000s\000e\000d\000C\000a\000l\000l\000b\000a\000c\000k\000\050\000\051}{subsection.4.28.2}% 110
\BOOKMARK [3][-]{subsubsection.4.28.2.3}{\376\377\0004\000.\0002\0008\000.\0002\000.\0003\000\040\000m\000a\000i\000n\000\050\000\051}{subsection.4.28.2}% 111
\BOOKMARK [3][-]{subsubsection.4.28.2.4}{\376\377\0004\000.\0002\0008\000.\0002\000.\0004\000\040\000v\000T\000a\000s\000k\000H\000e\000a\000r\000t\000B\000e\000a\000t\000\050\000\051}{subsection.4.28.2}% 112
\BOOKMARK [1][-]{section.4.29}{\376\377\0004\000.\0002\0009\000\040\000C\000:\000/\000U\000s\000e\000r\000s\000/\000a\000a\000r\000o\000n\000/\000m\000a\000i\000n\000/\000p\000r\000o\000j\000e\000c\000t\000s\000/\000c\000l\000i\000\137\000f\000r\000e\000e\000R\000T\000O\000S\000/\000w\000o\000r\000k\000s\000p\000a\000c\000e\000/\000c\000l\000i\000F\000r\000e\000e\000R\000T\000O\000S\000/\000C\000o\000r\000e\000/\000S\000r\000c\000/\000m\000s\000p\000.\000c\000\040\000F\000i\000l\000e\000\040\000R\000e\000f\000e\000r\000e\000n\000c\000e}{chapter.4}% 113
\BOOKMARK [2][-]{subsection.4.29.1}{\376\377\0004\000.\0002\0009\000.\0001\000\040\000D\000e\000t\000a\000i\000l\000e\000d\000\040\000D\000e\000s\000c\000r\000i\000p\000t\000i\000o\000n}{section.4.29}% 114
\BOOKMARK [2][-]{subsection.4.29.2}{\376\377\0004\000.\0002\0009\000.\0002\000\040\000F\000u\000n\000c\000t\000i\000o\000n\000\040\000D\000o\000c\000u\000m\000e\000n\000t\000a\000t\000i\000o\000n}{section.4.29}% 115
\BOOKMARK [3][-]{subsubsection.4.29.2.1}{\376\377\0004\000.\0002\0009\000.\0002\000.\0001\000\040\000H\000A\000L\000\137\000M\000s\000p\000I\000n\000i\000t\000\050\000\051}{subsection.4.29.2}% 116
\BOOKMARK [3][-]{subsubsection.4.29.2.2}{\376\377\0004\000.\0002\0009\000.\0002\000.\0002\000\040\000H\000A\000L\000\137\000R\000T\000C\000\137\000M\000s\000p\000I\000n\000i\000t\000\050\000\051}{subsection.4.29.2}% 117
\BOOKMARK [3][-]{subsubsection.4.29.2.3}{\376\377\0004\000.\0002\0009\000.\0002\000.\0003\000\040\000H\000A\000L\000\137\000T\000I\000M\000\137\000O\000C\000\137\000M\000s\000p\000I\000n\000i\000t\000\050\000\051}{subsection.4.29.2}% 118
\BOOKMARK [3][-]{subsubsection.4.29.2.4}{\376\377\0004\000.\0002\0009\000.\0002\000.\0004\000\040\000H\000A\000L\000\137\000U\000A\000R\000T\000\137\000M\000s\000p\000I\000n\000i\000t\000\050\000\051}{subsection.4.29.2}% 119
\BOOKMARK [1][-]{section.4.30}{\376\377\0004\000.\0003\0000\000\040\000C\000:\000/\000U\000s\000e\000r\000s\000/\000a\000a\000r\000o\000n\000/\000m\000a\000i\000n\000/\000p\000r\000o\000j\000e\000c\000t\000s\000/\000c\000l\000i\000\137\000f\000r\000e\000e\000R\000T\000O\000S\000/\000w\000o\000r\000k\000s\000p\000a\000c\000e\000/\000c\000l\000i\000F\000r\000e\000e\000R\000T\000O\000S\000/\000C\000o\000r\000e\000/\000S\000r\000c\000/\000s\000t\000m\0003\0002\000f\0004\000x\000x\000\137\000h\000a\000l\000\137\000t\000i\000m\000e\000b\000a\000s\000e\000\137\000t\000i\000m\000.\000c\000\040\000F\000i\000l\000e\000\040\000R\000e\000f\000e\000r\000e\000n\000c\000e}{chapter.4}% 120
\BOOKMARK [2][-]{subsection.4.30.1}{\376\377\0004\000.\0003\0000\000.\0001\000\040\000D\000e\000t\000a\000i\000l\000e\000d\000\040\000D\000e\000s\000c\000r\000i\000p\000t\000i\000o\000n}{section.4.30}% 121
\BOOKMARK [2][-]{subsection.4.30.2}{\376\377\0004\000.\0003\0000\000.\0002\000\040\000F\000u\000n\000c\000t\000i\000o\000n\000\040\000D\000o\000c\000u\000m\000e\000n\000t\000a\000t\000i\000o\000n}{section.4.30}% 122
\BOOKMARK [3][-]{subsubsection.4.30.2.1}{\376\377\0004\000.\0003\0000\000.\0002\000.\0001\000\040\000H\000A\000L\000\137\000I\000n\000i\000t\000T\000i\000c\000k\000\050\000\051}{subsection.4.30.2}% 123
\BOOKMARK [3][-]{subsubsection.4.30.2.2}{\376\377\0004\000.\0003\0000\000.\0002\000.\0002\000\040\000H\000A\000L\000\137\000R\000e\000s\000u\000m\000e\000T\000i\000c\000k\000\050\000\051}{subsection.4.30.2}% 124
\BOOKMARK [3][-]{subsubsection.4.30.2.3}{\376\377\0004\000.\0003\0000\000.\0002\000.\0003\000\040\000H\000A\000L\000\137\000S\000u\000s\000p\000e\000n\000d\000T\000i\000c\000k\000\050\000\051}{subsection.4.30.2}% 125
\BOOKMARK [1][-]{section.4.31}{\376\377\0004\000.\0003\0001\000\040\000C\000:\000/\000U\000s\000e\000r\000s\000/\000a\000a\000r\000o\000n\000/\000m\000a\000i\000n\000/\000p\000r\000o\000j\000e\000c\000t\000s\000/\000c\000l\000i\000\137\000f\000r\000e\000e\000R\000T\000O\000S\000/\000w\000o\000r\000k\000s\000p\000a\000c\000e\000/\000c\000l\000i\000F\000r\000e\000e\000R\000T\000O\000S\000/\000C\000o\000r\000e\000/\000S\000r\000c\000/\000s\000t\000m\0003\0002\000f\0004\000x\000x\000\137\000i\000t\000.\000c\000\040\000F\000i\000l\000e\000\040\000R\000e\000f\000e\000r\000e\000n\000c\000e}{chapter.4}% 126
\BOOKMARK [2][-]{subsection.4.31.1}{\376\377\0004\000.\0003\0001\000.\0001\000\040\000D\000e\000t\000a\000i\000l\000e\000d\000\040\000D\000e\000s\000c\000r\000i\000p\000t\000i\000o\000n}{section.4.31}% 127
\BOOKMARK [1][-]{section.4.32}{\376\377\0004\000.\0003\0002\000\040\000C\000:\000/\000U\000s\000e\000r\000s\000/\000a\000a\000r\000o\000n\000/\000m\000a\000i\000n\000/\000p\000r\000o\000j\000e\000c\000t\000s\000/\000c\000l\000i\000\137\000f\000r\000e\000e\000R\000T\000O\000S\000/\000w\000o\000r\000k\000s\000p\000a\000c\000e\000/\000c\000l\000i\000F\000r\000e\000e\000R\000T\000O\000S\000/\000C\000o\000r\000e\000/\000S\000r\000c\000/\000s\000y\000s\000c\000a\000l\000l\000s\000.\000c\000\040\000F\000i\000l\000e\000\040\000R\000e\000f\000e\000r\000e\000n\000c\000e}{chapter.4}% 128
\BOOKMARK [2][-]{subsection.4.32.1}{\376\377\0004\000.\0003\0002\000.\0001\000\040\000D\000e\000t\000a\000i\000l\000e\000d\000\040\000D\000e\000s\000c\000r\000i\000p\000t\000i\000o\000n}{section.4.32}% 129
\BOOKMARK [1][-]{section.4.33}{\376\377\0004\000.\0003\0003\000\040\000C\000:\000/\000U\000s\000e\000r\000s\000/\000a\000a\000r\000o\000n\000/\000m\000a\000i\000n\000/\000p\000r\000o\000j\000e\000c\000t\000s\000/\000c\000l\000i\000\137\000f\000r\000e\000e\000R\000T\000O\000S\000/\000w\000o\000r\000k\000s\000p\000a\000c\000e\000/\000c\000l\000i\000F\000r\000e\000e\000R\000T\000O\000S\000/\000C\000o\000r\000e\000/\000S\000r\000c\000/\000s\000y\000s\000m\000e\000m\000.\000c\000\040\000F\000i\000l\000e\000\040\000R\000e\000f\000e\000r\000e\000n\000c\000e}{chapter.4}% 130
\BOOKMARK [2][-]{subsection.4.33.1}{\376\377\0004\000.\0003\0003\000.\0001\000\040\000D\000e\000t\000a\000i\000l\000e\000d\000\040\000D\000e\000s\000c\000r\000i\000p\000t\000i\000o\000n}{section.4.33}% 131
\BOOKMARK [2][-]{subsection.4.33.2}{\376\377\0004\000.\0003\0003\000.\0002\000\040\000F\000u\000n\000c\000t\000i\000o\000n\000\040\000D\000o\000c\000u\000m\000e\000n\000t\000a\000t\000i\000o\000n}{section.4.33}% 132
\BOOKMARK [3][-]{subsubsection.4.33.2.1}{\376\377\0004\000.\0003\0003\000.\0002\000.\0001\000\040\000\137\000s\000b\000r\000k\000\050\000\051}{subsection.4.33.2}% 133
\BOOKMARK [1][-]{section.4.34}{\376\377\0004\000.\0003\0004\000\040\000C\000:\000/\000U\000s\000e\000r\000s\000/\000a\000a\000r\000o\000n\000/\000m\000a\000i\000n\000/\000p\000r\000o\000j\000e\000c\000t\000s\000/\000c\000l\000i\000\137\000f\000r\000e\000e\000R\000T\000O\000S\000/\000w\000o\000r\000k\000s\000p\000a\000c\000e\000/\000c\000l\000i\000F\000r\000e\000e\000R\000T\000O\000S\000/\000C\000o\000r\000e\000/\000S\000r\000c\000/\000s\000y\000s\000t\000e\000m\000\137\000s\000t\000m\0003\0002\000f\0004\000x\000x\000.\000c\000\040\000F\000i\000l\000e\000\040\000R\000e\000f\000e\000r\000e\000n\000c\000e}{chapter.4}% 134
\BOOKMARK [2][-]{subsection.4.34.1}{\376\377\0004\000.\0003\0004\000.\0001\000\040\000D\000e\000t\000a\000i\000l\000e\000d\000\040\000D\000e\000s\000c\000r\000i\000p\000t\000i\000o\000n}{section.4.34}% 135
\BOOKMARK [0][-]{section*.41}{\376\377\000I\000n\000d\000e\000x}{}% 136
